<?xml version="1.0" encoding="UTF-8"?>
<!-- Generated by org.testng.reporters.JUnitReportReporter -->
<testsuite name="com.login.TPL.Login" tests="1" time="41.080" ignored="0" failures="0" timestamp="05 Apr 2017 09:10:20 GMT" skipped="0" hostname="AEZIONDEV10" errors="0">
  <testcase name="LaunchAPP" time="41.080" classname="com.login.TPL.Login"/>
</testsuite> <!-- com.login.TPL.Login -->
