<?xml version="1.0" encoding="UTF-8"?>
<!-- Generated by org.testng.reporters.JUnitReportReporter -->
<testsuite skipped="0" hostname="AEZIONDEV10" name="com.TPL.Automate.TPLCrewApp" tests="4" failures="0" timestamp="03 Aug 2017 11:21:22 GMT" time="395.588" errors="0">
  <testcase name="Appointments" time="97.323" classname="com.TPL.Automate.TPLCrewApp"/>
  <testcase name="Transfercheckinother" time="71.870" classname="com.TPL.Automate.TPLCrewApp"/>
  <testcase name="TransferSend" time="122.449" classname="com.TPL.Automate.TPLCrewApp"/>
  <testcase name="TransferRecieve" time="103.946" classname="com.TPL.Automate.TPLCrewApp"/>
</testsuite> <!-- com.TPL.Automate.TPLCrewApp -->
